<?xml version="1.0" encoding="UTF-8"?>
<testsuite xmlns:xsi="http://www.w3.org/2001/XMLSchema-instance" xsi:noNamespaceSchemaLocation="https://maven.apache.org/surefire/maven-surefire-plugin/xsd/surefire-test-report-3.0.xsd" version="3.0" name="TestSuite" time="37.537" tests="7" errors="0" skipped="0" failures="0">
  <properties>
[...]
</properties>
  <testcase name="runScenario[&quot;Login with invalid credentials&quot;, &quot;Smart tech online banking login function check&quot;](2)" classname="com.testRunner.Runner" time="31.639">
    <system-out><![CDATA[
@Negative @STOB-14
Scenario: Login with empty username and password  # src/main/resources/STOBLogin.feature:39

@Negative @STOB-13
Scenario: Login with valid username and invalid password # src/main/resources/STOBLogin.feature:32

@Negative @STOB-15
Scenario: Login with empty username and valid password # src/main/resources/STOBLogin.feature:46

@Negative @STOB-11
Scenario: Login with invalid credentials          # src/main/resources/STOBLogin.feature:18

@Negative @STOB-16
Scenario: Login with valid username and empty password # src/main/resources/STOBLogin.feature:53

@Negative @STOB-12
Scenario: Login with invalid username and valid password # src/main/resources/STOBLogin.feature:25

@Positive @STOB-10
Scenario: Login with valid credentials                    # src/main/resources/STOBLogin.feature:11
  ✔ Given Open any browser                        # com.StepDef.StepDef.Open_any_browser()
  ✔ Given Open any browser                               # com.StepDef.StepDef.Open_any_browser()
  ✔ Given Open any browser                             # com.StepDef.StepDef.Open_any_browser()
  ✔ Given Open any browser                        # com.StepDef.StepDef.Open_any_browser()
  ✔ Given Open any browser                               # com.StepDef.StepDef.Open_any_browser()
  ✔ Given Open any browser                                # com.StepDef.StepDef.Open_any_browser()
  ✔ Given Open any browser                             # com.StepDef.StepDef.Open_any_browser()
  ✔ And Pass URL                                  # com.StepDef.StepDef.Pass_URL()
  ✔ And Pass URL                                  # com.StepDef.StepDef.Pass_URL()
  ✔ And Pass URL                                          # com.StepDef.StepDef.Pass_URL()
  ✔ And Pass URL                                         # com.StepDef.StepDef.Pass_URL()
  ✔ And Pass URL                                         # com.StepDef.StepDef.Pass_URL()
  ✔ And Pass URL                                       # com.StepDef.StepDef.Pass_URL()
  ✔ And Pass URL                                       # com.StepDef.StepDef.Pass_URL()
  ✔ When Enter empty username                     # com.StepDef.StepDef.Enter_empty_username()
  ✔ When Enter invalid username                   # com.StepDef.StepDef.Enter_invalid_username()
  ✔ When Enter empty username                          # com.StepDef.StepDef.Enter_empty_username()
  ✔ And Enter empty password                      # com.StepDef.StepDef.Enter_empty_password()
  ✔ And Enter invalid password                    # com.StepDef.StepDef.Enter_invalid_password()
  ✔ And Click login button                        # com.StepDef.StepDef.Click_login_button()
  ✔ And Click login button                        # com.StepDef.StepDef.Click_login_button()
Check login status : false
  ✔ Then Login should fail and stay on login page # com.StepDef.StepDef.Login_should_fail_and_stay_on_login_page()
Check login status : false
  ✔ Then Login should fail and stay on login page # com.StepDef.StepDef.Login_should_fail_and_stay_on_login_page()
]]></system-out>
    <system-err><![CDATA[SLF4J(W): No SLF4J providers were found.
SLF4J(W): Defaulting to no-operation (NOP) logger implementation
SLF4J(W): See https://www.slf4j.org/codes.html#noProviders for further details.
]]></system-err>
  </testcase>
  <testcase name="runScenario[&quot;Login with empty username and password&quot;, &quot;Smart tech online banking login function check&quot;](2)" classname="com.testRunner.Runner" time="31.645"/>
  <testcase name="runScenario[&quot;Login with valid username and empty password&quot;, &quot;Smart tech online banking login function check&quot;](3)" classname="com.testRunner.Runner" time="33.306">
    <system-out><![CDATA[  ✔ When Enter valid username                          # com.StepDef.StepDef.Enter_valid_username()
  ✔ When Enter valid username                            # com.StepDef.StepDef.Enter_valid_username()
  ✔ When Enter valid username                             # com.StepDef.StepDef.Enter_valid_username()
  ✔ When Enter invalid username                          # com.StepDef.StepDef.Enter_invalid_username()
  ✔ And Enter empty password                           # com.StepDef.StepDef.Enter_empty_password()
  ✔ And Click login button                             # com.StepDef.StepDef.Click_login_button()
Check login status : false
  ✔ Then Login should fail and stay on login page      # com.StepDef.StepDef.Login_should_fail_and_stay_on_login_page()
]]></system-out>
  </testcase>
  <testcase name="runScenario[&quot;Login with empty username and valid password&quot;, &quot;Smart tech online banking login function check&quot;](4)" classname="com.testRunner.Runner" time="34.368">
    <system-out><![CDATA[  ✔ And Enter valid password                           # com.StepDef.StepDef.Enter_valid_password()
  ✔ And Enter invalid password                           # com.StepDef.StepDef.Enter_invalid_password()
  ✔ And Enter valid password                             # com.StepDef.StepDef.Enter_valid_password()
  ✔ And Enter valid password                              # com.StepDef.StepDef.Enter_valid_password()
  ✔ And Click login button                             # com.StepDef.StepDef.Click_login_button()
Check login status : false
  ✔ Then Login should fail and stay on login page      # com.StepDef.StepDef.Login_should_fail_and_stay_on_login_page()
]]></system-out>
  </testcase>
  <testcase name="runScenario[&quot;Login with valid username and invalid password&quot;, &quot;Smart tech online banking login function check&quot;](5)" classname="com.testRunner.Runner" time="34.823">
    <system-out><![CDATA[  ✔ And Click login button                               # com.StepDef.StepDef.Click_login_button()
  ✔ And Click login button                               # com.StepDef.StepDef.Click_login_button()
Check login status : false
  ✔ Then Login should fail and stay on login page        # com.StepDef.StepDef.Login_should_fail_and_stay_on_login_page()
]]></system-out>
  </testcase>
  <testcase name="runScenario[&quot;Login with invalid username and valid password&quot;, &quot;Smart tech online banking login function check&quot;](6)" classname="com.testRunner.Runner" time="35.081">
    <system-out><![CDATA[Check login status : false
  ✔ Then Login should fail and stay on login page        # com.StepDef.StepDef.Login_should_fail_and_stay_on_login_page()
]]></system-out>
  </testcase>
  <testcase name="runScenario[&quot;Login with valid credentials&quot;, &quot;Smart tech online banking login function check&quot;](7)" classname="com.testRunner.Runner" time="36.823">
    <system-out><![CDATA[  ✔ And Click login button                                # com.StepDef.StepDef.Click_login_button()
Check login status : true
  ✔ Then Login should be successful and see logout button # com.StepDef.StepDef.Login_should_be_successful_and_see_logout_button()
]]></system-out>
  </testcase>
</testsuite>