<?xml version="1.0" encoding="UTF-8"?>
<!-- Generated by org.testng.reporters.JUnitReportReporter -->
<testsuite hostname="Parthas-MacBook-Air.local" failures="0" tests="7" name="com.testRunner.Runner" time="233.227" errors="0" timestamp="2025-11-25T13:16:52 EST" skipped="0">
  <testcase classname="com.testRunner.Runner" name="runScenario" time="34.724"/>
  <system-out/>
  <testcase classname="com.testRunner.Runner" name="runScenario" time="34.727"/>
  <system-out/>
  <testcase classname="com.testRunner.Runner" name="runScenario" time="27.826"/>
  <system-out/>
  <testcase classname="com.testRunner.Runner" name="runScenario" time="30.824"/>
  <system-out/>
  <testcase classname="com.testRunner.Runner" name="runScenario" time="34.725"/>
  <system-out/>
  <testcase classname="com.testRunner.Runner" name="runScenario" time="32.624"/>
  <system-out/>
  <testcase classname="com.testRunner.Runner" name="runScenario" time="37.777"/>
  <system-out/>
</testsuite> <!-- com.testRunner.Runner -->
