<?xml version="1.0" encoding="UTF-8"?>
<!-- Generated by org.testng.reporters.JUnitReportReporter -->
<testsuite hostname="Parthas-MacBook-Air.local" failures="0" tests="7" name="com.testRunner.Runner" time="237.426" errors="0" timestamp="2025-11-25T13:35:34 EST" skipped="0">
  <testcase classname="com.testRunner.Runner" name="runScenario" time="36.824"/>
  <testcase classname="com.testRunner.Runner" name="runScenario" time="31.586"/>
  <testcase classname="com.testRunner.Runner" name="runScenario" time="34.809"/>
  <testcase classname="com.testRunner.Runner" name="runScenario" time="34.351"/>
  <testcase classname="com.testRunner.Runner" name="runScenario" time="34.966"/>
  <testcase classname="com.testRunner.Runner" name="runScenario" time="33.304"/>
  <testcase classname="com.testRunner.Runner" name="runScenario" time="31.586"/>
</testsuite> <!-- com.testRunner.Runner -->
