<?xml version="1.0" encoding="UTF-8"?>
<!-- Generated by org.testng.reporters.JUnitReportReporter -->
<testsuite hostname="Parthas-MacBook-Air.local" failures="0" tests="7" name="com.testRunner.Runner" time="214.298" errors="0" timestamp="2025-11-25T14:03:17 EST" skipped="0">
  <testcase classname="com.testRunner.Runner" name="runScenario" time="30.708"/>
  <testcase classname="com.testRunner.Runner" name="runScenario" time="29.060"/>
  <testcase classname="com.testRunner.Runner" name="runScenario" time="31.504"/>
  <testcase classname="com.testRunner.Runner" name="runScenario" time="32.754"/>
  <testcase classname="com.testRunner.Runner" name="runScenario" time="28.469"/>
  <testcase classname="com.testRunner.Runner" name="runScenario" time="31.475"/>
  <testcase classname="com.testRunner.Runner" name="runScenario" time="30.328"/>
</testsuite> <!-- com.testRunner.Runner -->
